0 info it worked if it ends with ok
1 verbose cli [ '/opt/node/bin/node',
1 verbose cli   '/usr/bin/npm',
1 verbose cli   'install',
1 verbose cli   'angular-ueditor',
1 verbose cli   '--save' ]
2 info using npm@3.3.6
3 info using node@v5.0.0
4 silly loadCurrentTree Starting
5 silly install loadCurrentTree
6 silly install readLocalPackageData
7 silly fetchPackageMetaData angular-ueditor
8 silly fetchNamedPackageData angular-ueditor
9 silly mapToRegistry name angular-ueditor
10 silly mapToRegistry using default registry
11 silly mapToRegistry registry http://registry.cnpmjs.org/
12 silly mapToRegistry uri http://registry.cnpmjs.org/angular-ueditor
13 verbose request uri http://registry.cnpmjs.org/angular-ueditor
14 verbose request no auth needed
15 info attempt registry request try #1 at 4:35:19 PM
16 verbose request id 02a6dfabba1919a2
17 http request GET http://registry.cnpmjs.org/angular-ueditor
18 http 404 http://registry.cnpmjs.org/angular-ueditor
19 verbose headers { server: 'nginx/1.4.6 (Ubuntu)',
19 verbose headers   date: 'Fri, 20 Nov 2015 08:35:23 GMT',
19 verbose headers   'content-type': 'application/json; charset=utf-8',
19 verbose headers   'transfer-encoding': 'chunked',
19 verbose headers   connection: 'keep-alive',
19 verbose headers   'x-readtime': '17',
19 verbose headers   'content-encoding': 'gzip' }
20 silly get cb [ 404,
20 silly get   { server: 'nginx/1.4.6 (Ubuntu)',
20 silly get     date: 'Fri, 20 Nov 2015 08:35:23 GMT',
20 silly get     'content-type': 'application/json; charset=utf-8',
20 silly get     'transfer-encoding': 'chunked',
20 silly get     connection: 'keep-alive',
20 silly get     'x-readtime': '17',
20 silly get     'content-encoding': 'gzip' } ]
21 silly fetchPackageMetaData Error: 404 Not Found: angular-ueditor
21 silly fetchPackageMetaData     at makeError (/opt/node/lib/node_modules/npm/node_modules/npm-registry-client/lib/request.js:264:12)
21 silly fetchPackageMetaData     at CachingRegistryClient.<anonymous> (/opt/node/lib/node_modules/npm/node_modules/npm-registry-client/lib/request.js:250:14)
21 silly fetchPackageMetaData     at /opt/node/lib/node_modules/npm/node_modules/npm-registry-client/lib/request.js:178:7
21 silly fetchPackageMetaData     at Gunzip.onEnd (zlib.js:227:5)
21 silly fetchPackageMetaData     at emitNone (events.js:72:20)
21 silly fetchPackageMetaData     at Gunzip.emit (events.js:166:7)
21 silly fetchPackageMetaData     at endReadableNT (_stream_readable.js:905:12)
21 silly fetchPackageMetaData     at doNTCallback2 (node.js:450:9)
21 silly fetchPackageMetaData     at process._tickCallback (node.js:364:17)
21 silly fetchPackageMetaData  error for angular-ueditor { [Error: 404 Not Found: angular-ueditor] pkgid: 'angular-ueditor', statusCode: 404, code: 'E404' }
22 silly rollbackFailedOptional Starting
23 silly rollbackFailedOptional Finishing
24 silly runTopLevelLifecycles Starting
25 silly runTopLevelLifecycles Finishing
26 silly install printInstalled
27 verbose stack Error: 404 Not Found: angular-ueditor
27 verbose stack     at makeError (/opt/node/lib/node_modules/npm/node_modules/npm-registry-client/lib/request.js:264:12)
27 verbose stack     at CachingRegistryClient.<anonymous> (/opt/node/lib/node_modules/npm/node_modules/npm-registry-client/lib/request.js:250:14)
27 verbose stack     at /opt/node/lib/node_modules/npm/node_modules/npm-registry-client/lib/request.js:178:7
27 verbose stack     at Gunzip.onEnd (zlib.js:227:5)
27 verbose stack     at emitNone (events.js:72:20)
27 verbose stack     at Gunzip.emit (events.js:166:7)
27 verbose stack     at endReadableNT (_stream_readable.js:905:12)
27 verbose stack     at doNTCallback2 (node.js:450:9)
27 verbose stack     at process._tickCallback (node.js:364:17)
28 verbose statusCode 404
29 verbose pkgid angular-ueditor
30 verbose cwd /home/malone/Projects/dudu_admin/client
31 error Linux 4.0.0-kali1-amd64
32 error argv "/opt/node/bin/node" "/usr/bin/npm" "install" "angular-ueditor" "--save"
33 error node v5.0.0
34 error npm  v3.3.6
35 error code E404
36 error 404 Not Found: angular-ueditor
36 error 404
36 error 404 'angular-ueditor' is not in the npm registry.
36 error 404 You should bug the author to publish it (or use the name yourself!)
36 error 404
36 error 404 Note that you can also install from a
36 error 404 tarball, folder, http url, or git url.
37 verbose exit [ 1, true ]
